0 info it worked if it ends with ok
1 verbose cli [ 'node', '/usr/local/bin/npm', 'install', '-g', 'learnyounode' ]
2 info using npm@2.11.3
3 info using node@v0.12.7
4 verbose install initial load of /usr/local/lib/package.json
5 verbose readDependencies loading dependencies from /usr/local/lib/package.json
6 silly cache add args [ 'learnyounode', null ]
7 verbose cache add spec learnyounode
8 silly cache add parsed spec { raw: 'learnyounode',
8 silly cache add   scope: null,
8 silly cache add   name: 'learnyounode',
8 silly cache add   rawSpec: '',
8 silly cache add   spec: '*',
8 silly cache add   type: 'range' }
9 silly addNamed learnyounode@*
10 verbose addNamed "*" is a valid semver range for learnyounode
11 silly addNameRange { name: 'learnyounode', range: '*', hasData: false }
12 silly mapToRegistry name learnyounode
13 silly mapToRegistry using default registry
14 silly mapToRegistry registry https://registry.npmjs.org/
15 silly mapToRegistry uri https://registry.npmjs.org/learnyounode
16 verbose addNameRange registry:https://registry.npmjs.org/learnyounode not in flight; fetching
17 verbose request uri https://registry.npmjs.org/learnyounode
18 verbose request no auth needed
19 info attempt registry request try #1 at 10:16:16
20 verbose request id 901f6d48534d5faf
21 verbose etag "2UXZK82BQ4LD9BNPUYTTPAMKW"
22 http request GET https://registry.npmjs.org/learnyounode
23 http 304 https://registry.npmjs.org/learnyounode
24 silly get cb [ 304,
24 silly get   { date: 'Thu, 16 Jul 2015 02:16:24 GMT',
24 silly get     via: '1.1 varnish',
24 silly get     'cache-control': 'max-age=60',
24 silly get     etag: '"2UXZK82BQ4LD9BNPUYTTPAMKW"',
24 silly get     age: '0',
24 silly get     connection: 'keep-alive',
24 silly get     'x-served-by': 'cache-bma7031-BMA',
24 silly get     'x-cache': 'MISS',
24 silly get     'x-cache-hits': '0',
24 silly get     'x-timer': 'S1437012984.459179,VS0,VE184',
24 silly get     vary: 'Accept' } ]
25 verbose etag https://registry.npmjs.org/learnyounode from cache
26 verbose get saving learnyounode to /Users/onion/.npm/registry.npmjs.org/learnyounode/.cache.json
27 silly addNameRange number 2 { name: 'learnyounode', range: '*', hasData: true }
28 silly addNameRange versions [ 'learnyounode',
28 silly addNameRange   [ '0.0.0',
28 silly addNameRange     '0.0.1',
28 silly addNameRange     '0.0.2',
28 silly addNameRange     '0.0.3',
28 silly addNameRange     '0.0.4',
28 silly addNameRange     '0.0.5',
28 silly addNameRange     '0.0.6',
28 silly addNameRange     '0.0.7',
28 silly addNameRange     '0.0.8',
28 silly addNameRange     '0.0.9',
28 silly addNameRange     '0.1.0',
28 silly addNameRange     '0.1.1',
28 silly addNameRange     '0.2.0',
28 silly addNameRange     '0.2.1',
28 silly addNameRange     '0.2.2',
28 silly addNameRange     '0.2.3',
28 silly addNameRange     '0.2.4',
28 silly addNameRange     '0.2.5',
28 silly addNameRange     '0.2.6',
28 silly addNameRange     '0.2.7',
28 silly addNameRange     '0.2.8',
28 silly addNameRange     '0.2.9',
28 silly addNameRange     '0.2.10',
28 silly addNameRange     '0.2.11',
28 silly addNameRange     '0.2.12',
28 silly addNameRange     '0.2.13',
28 silly addNameRange     '0.2.14',
28 silly addNameRange     '0.2.15',
28 silly addNameRange     '0.2.16',
28 silly addNameRange     '0.2.16-mimbug',
28 silly addNameRange     '0.3.0',
28 silly addNameRange     '0.3.1',
28 silly addNameRange     '0.3.2',
28 silly addNameRange     '0.3.3',
28 silly addNameRange     '0.4.0',
28 silly addNameRange     '0.4.1',
28 silly addNameRange     '1.0.0-alpha01',
28 silly addNameRange     '1.0.0',
28 silly addNameRange     '1.0.1',
28 silly addNameRange     '1.0.2',
28 silly addNameRange     '1.0.3',
28 silly addNameRange     '1.0.4',
28 silly addNameRange     '1.0.5',
28 silly addNameRange     '1.0.6',
28 silly addNameRange     '1.0.7',
28 silly addNameRange     '2.0.0',
28 silly addNameRange     '2.0.1',
28 silly addNameRange     '2.1.0',
28 silly addNameRange     '2.2.0',
28 silly addNameRange     '2.2.1',
28 silly addNameRange     '2.2.2',
28 silly addNameRange     '2.3.0',
28 silly addNameRange     '2.3.1',
28 silly addNameRange     '2.3.2',
28 silly addNameRange     '2.3.3',
28 silly addNameRange     '2.3.4',
28 silly addNameRange     '2.4.0',
28 silly addNameRange     '2.5.0',
28 silly addNameRange     '2.6.0',
28 silly addNameRange     '2.5.1',
28 silly addNameRange     '2.5.2',
28 silly addNameRange     '2.7.0',
28 silly addNameRange     '2.7.1' ] ]
29 silly addNamed learnyounode@2.7.1
30 verbose addNamed "2.7.1" is a plain semver version for learnyounode
31 silly cache afterAdd learnyounode@2.7.1
32 verbose afterAdd /Users/onion/.npm/learnyounode/2.7.1/package/package.json not in flight; writing
33 verbose afterAdd /Users/onion/.npm/learnyounode/2.7.1/package/package.json written
34 silly install resolved [ { name: 'learnyounode',
34 silly install resolved     version: '2.7.1',
34 silly install resolved     description: 'Learn You The Node.js For Much Win! An intro to Node.js via a set of self-guided workshops.',
34 silly install resolved     author:
34 silly install resolved      { name: 'Rod Vagg',
34 silly install resolved        email: 'rod@vagg.org',
34 silly install resolved        url: 'https://github.com/rvagg' },
34 silly install resolved     contributors:
34 silly install resolved      [ [Object],
34 silly install resolved        [Object],
34 silly install resolved        [Object],
34 silly install resolved        [Object],
34 silly install resolved        [Object],
34 silly install resolved        [Object],
34 silly install resolved        [Object],
34 silly install resolved        [Object],
34 silly install resolved        [Object],
34 silly install resolved        [Object],
34 silly install resolved        [Object],
34 silly install resolved        [Object],
34 silly install resolved        [Object],
34 silly install resolved        [Object],
34 silly install resolved        [Object],
34 silly install resolved        [Object] ],
34 silly install resolved     repository:
34 silly install resolved      { type: 'git',
34 silly install resolved        url: 'git+https://github.com/rvagg/learnyounode.git' },
34 silly install resolved     license: 'MIT',
34 silly install resolved     dependencies:
34 silly install resolved      { after: '~0.8.1',
34 silly install resolved        bl: '~0.9.4',
34 silly install resolved        boganipsum: '~0.1.0',
34 silly install resolved        chalk: '~0.5.1',
34 silly install resolved        'colors-tmpl': '~1.0.0',
34 silly install resolved        'combined-stream': '~0.0.7',
34 silly install resolved        'concat-stream': '~1.4.7',
34 silly install resolved        duplexer: '~0.1.1',
34 silly install resolved        hyperquest: '~1.0.1',
34 silly install resolved        rimraf: '~2.2.8',
34 silly install resolved        through: '~2.3.6',
34 silly install resolved        through2: '~0.6.3',
34 silly install resolved        'through2-map': '~1.4.0',
34 silly install resolved        workshopper: '~2.7.0',
34 silly install resolved        'workshopper-exercise': '~2.4.0',
34 silly install resolved        'workshopper-wrappedexec': '~0.1.1' },
34 silly install resolved     bin: { learnyounode: './learnyounode.js' },
34 silly install resolved     preferGlobal: true,
34 silly install resolved     gitHead: '5d8c7377154aeaff48eabfe36f0149d2f4f5582b',
34 silly install resolved     bugs: { url: 'https://github.com/rvagg/learnyounode/issues' },
34 silly install resolved     homepage: 'https://github.com/rvagg/learnyounode#readme',
34 silly install resolved     _id: 'learnyounode@2.7.1',
34 silly install resolved     scripts: {},
34 silly install resolved     _shasum: 'bb2106c0ee0788298bc011ba857c8b33ffbe6384',
34 silly install resolved     _from: 'learnyounode@*',
34 silly install resolved     _npmVersion: '2.11.3',
34 silly install resolved     _nodeVersion: '2.3.1',
34 silly install resolved     _npmUser: { name: 'julianduque', email: 'julianduquej@gmail.com' },
34 silly install resolved     dist:
34 silly install resolved      { shasum: 'bb2106c0ee0788298bc011ba857c8b33ffbe6384',
34 silly install resolved        tarball: 'http://registry.npmjs.org/learnyounode/-/learnyounode-2.7.1.tgz' },
34 silly install resolved     maintainers: [ [Object], [Object], [Object] ],
34 silly install resolved     directories: {},
34 silly install resolved     _resolved: 'https://registry.npmjs.org/learnyounode/-/learnyounode-2.7.1.tgz',
34 silly install resolved     readme: 'ERROR: No README data found!' } ]
35 info install learnyounode@2.7.1 into /usr/local/lib
36 info installOne learnyounode@2.7.1
37 verbose installOne of learnyounode to /usr/local/lib not in flight; installing
38 verbose lock using /Users/onion/.npm/_locks/learnyounode-3267a39f0ae1a4f5.lock for /usr/local/lib/node_modules/learnyounode
39 silly install write writing learnyounode 2.7.1 to /usr/local/lib/node_modules/learnyounode
40 verbose unbuild lib/node_modules/learnyounode
41 silly gentlyRm /usr/local/lib/node_modules/learnyounode is being purged from base /usr/local
42 verbose gentlyRm don't care about contents; nuking /usr/local/lib/node_modules/learnyounode
43 verbose tar unpack /Users/onion/.npm/learnyounode/2.7.1/package.tgz
44 verbose tar unpacking to /usr/local/lib/node_modules/learnyounode
45 silly gentlyRm /usr/local/lib/node_modules/learnyounode is being purged
46 verbose gentlyRm don't care about contents; nuking /usr/local/lib/node_modules/learnyounode
47 silly gunzTarPerm modes [ '755', '644' ]
48 error tar.unpack untar error /Users/onion/.npm/learnyounode/2.7.1/package.tgz
49 verbose unlock done using /Users/onion/.npm/_locks/learnyounode-3267a39f0ae1a4f5.lock for /usr/local/lib/node_modules/learnyounode
50 verbose fstream_path /usr/local/lib/node_modules/learnyounode
51 verbose fstream_type Directory
52 verbose fstream_class DirWriter
53 verbose stack Error: EACCES, mkdir '/usr/local/lib/node_modules/learnyounode'
53 verbose stack     at Error (native)
54 verbose fstream_stack /usr/local/lib/node_modules/npm/node_modules/fstream/lib/dir-writer.js:35:25
54 verbose fstream_stack /usr/local/lib/node_modules/npm/node_modules/mkdirp/index.js:47:53
54 verbose fstream_stack FSReqWrap.oncomplete (fs.js:95:15)
55 verbose cwd /Users/onion/WebstormProjects/untitled
56 error Darwin 14.3.0
57 error argv "node" "/usr/local/bin/npm" "install" "-g" "learnyounode"
58 error node v0.12.7
59 error npm  v2.11.3
60 error path /usr/local/lib/node_modules/learnyounode
61 error code EACCES
62 error errno -13
63 error Error: EACCES, mkdir '/usr/local/lib/node_modules/learnyounode'
63 error     at Error (native)
63 error  { [Error: EACCES, mkdir '/usr/local/lib/node_modules/learnyounode']
63 error   errno: -13,
63 error   code: 'EACCES',
63 error   path: '/usr/local/lib/node_modules/learnyounode',
63 error   fstream_type: 'Directory',
63 error   fstream_path: '/usr/local/lib/node_modules/learnyounode',
63 error   fstream_class: 'DirWriter',
63 error   fstream_stack:
63 error    [ '/usr/local/lib/node_modules/npm/node_modules/fstream/lib/dir-writer.js:35:25',
63 error      '/usr/local/lib/node_modules/npm/node_modules/mkdirp/index.js:47:53',
63 error      'FSReqWrap.oncomplete (fs.js:95:15)' ] }
64 error Please try running this command again as root/Administrator.
65 verbose exit [ -13, true ]
66 verbose unbuild lib/node_modules/learnyounode
67 silly gentlyRm /usr/local/lib/node_modules/learnyounode is being purged from base /usr/local
68 verbose gentlyRm don't care about contents; nuking /usr/local/lib/node_modules/learnyounode
